<?xml version="1.0" encoding="UTF-8"?>
<!-- Generated by org.testng.reporters.JUnitReportReporter -->
<testsuite hostname="priya-PC" name="seleniumexamples.DataProviderEx" tests="3" failures="0" timestamp="25 Jul 2017 09:17:11 GMT" time="2.075" errors="0">
  <testcase name="searchMethod" time="0.556" classname="seleniumexamples.DataProviderEx"/>
  <testcase name="searchMethod" time="0.373" classname="seleniumexamples.DataProviderEx"/>
  <testcase name="searchMethod" time="1.146" classname="seleniumexamples.DataProviderEx"/>
</testsuite> <!-- seleniumexamples.DataProviderEx -->
