<?xml version="1.0" encoding="UTF-8"?>
<!-- Generated by org.testng.reporters.JUnitReportReporter -->
<testsuite hostname="priya-PC" name="seleniumexamples.Testngclass2" tests="2" failures="0" timestamp="25 Jul 2017 09:17:11 GMT" time="0.004" errors="0">
  <testcase name="Testingstart" time="0.002" classname="seleniumexamples.Testngclass2"/>
  <testcase name="Testingstop" time="0.002" classname="seleniumexamples.Testngclass2"/>
</testsuite> <!-- seleniumexamples.Testngclass2 -->
