<?xml version="1.0" encoding="UTF-8"?>
<!-- Generated by org.testng.reporters.JUnitReportReporter -->
<testsuite hostname="priya-PC" name="seleniumexamples.Testngclass1" tests="2" failures="0" timestamp="25 Jul 2017 09:17:11 GMT" time="0.007" errors="0">
  <testcase name="search" time="0.004" classname="seleniumexamples.Testngclass1"/>
  <testcase name="advancedsearch" time="0.003" classname="seleniumexamples.Testngclass1"/>
</testsuite> <!-- seleniumexamples.Testngclass1 -->
