<?xml version="1.0" encoding="UTF-8"?>
<!-- Generated by org.testng.reporters.JUnitReportReporter -->
<testsuite hostname="priya-PC" name="seleniumexamples.TestNGclass" tests="1" failures="0" timestamp="25 Jul 2017 09:17:11 GMT" time="0.007" errors="0">
  <testcase name="f" time="0.007" classname="seleniumexamples.TestNGclass"/>
</testsuite> <!-- seleniumexamples.TestNGclass -->
